<?xml version="1.0" encoding="utf-8"?><testsuites name="pytest tests"><testsuite name="pytest" errors="0" failures="0" skipped="0" tests="63" time="1.050" timestamp="2026-07-24T16:26:16.409837-05:00" hostname="Primary.local"><testcase classname="tests.test_ddm_pa2_zero_byte_decode_family" name="test_inventory_is_typed_and_zero_byte_boundary_is_explicit" time="0.001" /><testcase classname="tests.test_ddm_pa2_zero_byte_decode_family" name="test_blind_zero_fill_preserves_exact_resized_scorer_input" time="0.062" /><testcase classname="tests.test_ddm_pa2_zero_byte_decode_family" name="test_spatial_member_changes_only_frame1_and_is_deterministic" time="0.038" /><testcase classname="tests.test_ddm_pa2_zero_byte_decode_family" name="test_xihat_is_zero_for_identical_frames" time="0.036" /><testcase classname="tests.test_ddm_pa2_zero_byte_decode_family" name="test_temporal_frame_ownership_and_stack_order" time="0.058" /><testcase classname="tests.test_ddm_pa2_zero_byte_decode_family" name="test_blocked_member_fails_closed[blocker0]" time="0.013" /><testcase classname="tests.test_ddm_pa2_zero_byte_decode_family" name="test_blocked_member_fails_closed[blocker1]" time="0.013" /><testcase classname="tests.test_ddm_pa2_zero_byte_decode_family" name="test_wrong_geometry_and_target_frame_fail_closed" time="0.013" /><testcase classname="tests.test_measure_ddm_pa2_zero_byte_decode_family" name="test_live_config_is_strict_and_orders_three_bases" time="0.001" /><testcase classname="tests.test_measure_ddm_pa2_zero_byte_decode_family" name="test_pa1_is_not_represented_as_counted_payload" time="0.001" /><testcase classname="tests.test_measure_ddm_pa2_zero_byte_decode_family" name="test_immutable_json_checkpoint_refuses_drift" time="0.005" /><testcase classname="tests.test_measure_ddm_pa2_zero_byte_decode_family" name="test_immutable_binary_stage_refuses_drift" time="0.001" /><testcase classname="tests.test_measure_ddm_pa2_zero_byte_decode_family" name="test_config_has_no_hidden_candidate_tables" time="0.001" /><testcase classname="tests.test_measure_ddm_pa2_zero_byte_decode_family" name="test_advisory_objective_is_exact_contest_formula" time="0.001" /><testcase classname="src.tac.canonical_equations.tests.test_ddm_pa2_zero_byte_decode_family_20260724" name="test_score_law_matches_rate_normalization" time="0.001" /><testcase classname="src.tac.canonical_equations.tests.test_ddm_pa2_zero_byte_decode_family_20260724" name="test_score_law_fails_closed_on_missing_gate[decoded_frame_only]" time="0.001" /><testcase classname="src.tac.canonical_equations.tests.test_ddm_pa2_zero_byte_decode_family_20260724" name="test_score_law_fails_closed_on_missing_gate[archive_identity_exact]" time="0.001" /><testcase classname="src.tac.canonical_equations.tests.test_ddm_pa2_zero_byte_decode_family_20260724" name="test_score_law_fails_closed_on_missing_gate[n600_batch32_complete]" time="0.001" /><testcase classname="src.tac.canonical_equations.tests.test_ddm_pa2_zero_byte_decode_family_20260724" name="test_strict_conditional_selects_fresh_minimum" time="0.001" /><testcase classname="src.tac.canonical_equations.tests.test_ddm_pa2_zero_byte_decode_family_20260724" name="test_strict_conditional_refuses_tie_and_byte_drift" time="0.001" /><testcase classname="src.tac.boundary_math.tests.test_power_diagram_witness" name="test_affine_head_and_f32_power_target_have_random_argmax_parity_with_error_receipt" time="0.001" /><testcase classname="src.tac.boundary_math.tests.test_power_diagram_witness" name="test_f32_target_receipt_marks_constructed_near_tie_as_uncertain" time="0.001" /><testcase classname="src.tac.boundary_math.tests.test_power_diagram_witness" name="test_basis_and_gauge_are_deterministic_and_gauge_does_not_move_cells" time="0.001" /><testcase classname="src.tac.boundary_math.tests.test_power_diagram_witness" name="test_default_basis_does_not_tolerance_erase_small_decision_direction" time="0.001" /><testcase classname="src.tac.boundary_math.tests.test_power_diagram_witness" name="test_class_ids_reject_lossy_numeric_coercion" time="0.001" /><testcase classname="src.tac.boundary_math.tests.test_power_diagram_witness" name="test_formal_losing_equality_is_not_a_co_maximum_boundary" time="0.001" /><testcase classname="src.tac.boundary_math.tests.test_power_diagram_witness" name="test_paired_feature_inverse_is_deterministic_and_exact_when_separable" time="0.001" /><testcase classname="src.tac.boundary_math.tests.test_power_diagram_witness" name="test_paired_feature_inverse_reports_nonexact_nonlinearly_separable_fixture" time="0.001" /><testcase classname="src.tac.boundary_math.tests.test_power_diagram_witness" name="test_labels_only_inverse_refuses_instead_of_manufacturing_features" time="0.001" /><testcase classname="src.tac.boundary_math.tests.test_power_diagram_witness" name="test_zip_stored_npy_member_is_a_real_read_only_memmap" time="0.014" /><testcase classname="src.tac.boundary_math.tests.test_power_diagram_witness" name="test_compressed_npy_member_refuses_zero_copy_claim" time="0.001" /><testcase classname="src.tac.boundary_math.tests.test_power_diagram_witness" name="test_npy_memmap_rejects_local_central_compression_method_disagreement" time="0.001" /><testcase classname="src.tac.boundary_math.tests.test_power_diagram_witness" name="test_npy_memmap_rejects_local_central_size_disagreement" time="0.001" /><testcase classname="src.tac.boundary_math.tests.test_power_diagram_witness" name="test_head_only_safetensors_reader_recovers_exact_tensors" time="0.014" /><testcase classname="src.tac.boundary_math.tests.test_power_diagram_witness" name="test_head_only_safetensors_reader_rejects_noncanonical_extents[overlap]" time="0.001" /><testcase classname="src.tac.boundary_math.tests.test_power_diagram_witness" name="test_head_only_safetensors_reader_rejects_noncanonical_extents[duplicate]" time="0.001" /><testcase classname="src.tac.boundary_math.tests.test_power_diagram_witness" name="test_head_only_safetensors_reader_rejects_noncanonical_extents[trailing]" time="0.001" /><testcase classname="src.tac.boundary_math.tests.test_power_diagram_witness" name="test_video_fed_init_uses_labels_for_statistics_and_head_for_sites" time="0.008" /><testcase classname="src.tac.boundary_math.tests.test_power_diagram_witness" name="test_pdw1_is_little_endian_canonical_and_decode_reencode_identical" time="0.001" /><testcase classname="src.tac.boundary_math.tests.test_power_diagram_witness" name="test_pdw1_rejects_direct_noninteger_class_id_dataclass_mutation" time="0.001" /><testcase classname="src.tac.boundary_math.tests.test_power_diagram_witness" name="test_pdw1_rejects_direct_float64_array_dataclass_mutation[sites]" time="0.001" /><testcase classname="src.tac.boundary_math.tests.test_power_diagram_witness" name="test_pdw1_rejects_direct_float64_array_dataclass_mutation[weights]" time="0.001" /><testcase classname="src.tac.boundary_math.tests.test_power_diagram_witness" name="test_pdw1_rejects_direct_float64_array_dataclass_mutation[tie_normals]" time="0.001" /><testcase classname="src.tac.boundary_math.tests.test_power_diagram_witness" name="test_pdw1_rejects_direct_float64_array_dataclass_mutation[tie_offsets]" time="0.001" /><testcase classname="src.tac.boundary_math.tests.test_power_diagram_witness" name="test_pdw1_rejects_corruption_and_every_trailing_byte[magic]" time="0.001" /><testcase classname="src.tac.boundary_math.tests.test_power_diagram_witness" name="test_pdw1_rejects_corruption_and_every_trailing_byte[truncated]" time="0.001" /><testcase classname="src.tac.boundary_math.tests.test_power_diagram_witness" name="test_pdw1_rejects_corruption_and_every_trailing_byte[trailer]" time="0.001" /><testcase classname="src.tac.boundary_math.tests.test_power_diagram_witness" name="test_pdw1_rejects_corruption_and_every_trailing_byte[nan]" time="0.001" /><testcase classname="src.tac.boundary_math.tests.test_power_diagram_witness" name="test_pdw1_rejects_corruption_and_every_trailing_byte[edge]" time="0.001" /><testcase classname="src.tac.boundary_math.tests.test_power_diagram_witness" name="test_pdw1_rejects_corruption_and_every_trailing_byte[tie]" time="0.001" /><testcase classname="src.tac.boundary_math.tests.test_power_diagram_witness" name="test_pdw1_rejects_corruption_and_every_trailing_byte[negative_zero]" time="0.001" /><testcase classname="src.tac.boundary_math.tests.test_power_diagram_witness" name="test_pdw2_measures_138_margin_bytes_and_134_partition_bytes" time="0.001" /><testcase classname="src.tac.boundary_math.tests.test_power_diagram_witness" name="test_pdw2_reproduces_pdw1_ordinary_random_and_small_direction_parity" time="0.001" /><testcase classname="src.tac.boundary_math.tests.test_power_diagram_witness" name="test_pdw2_gauge_composition_is_a_fixture_assertion" time="0.001" /><testcase classname="src.tac.boundary_math.tests.test_power_diagram_witness" name="test_pdw2_exact_frame195_native_f32_tie_after_parseback" time="0.001" /><testcase classname="src.tac.boundary_math.tests.test_power_diagram_witness" name="test_pdw2_rejects_malformed_and_every_trailing_byte[magic]" time="0.002" /><testcase classname="src.tac.boundary_math.tests.test_power_diagram_witness" name="test_pdw2_rejects_malformed_and_every_trailing_byte[truncated]" time="0.001" /><testcase classname="src.tac.boundary_math.tests.test_power_diagram_witness" name="test_pdw2_rejects_malformed_and_every_trailing_byte[trailer]" time="0.001" /><testcase classname="src.tac.boundary_math.tests.test_power_diagram_witness" name="test_pdw2_rejects_malformed_and_every_trailing_byte[nan]" time="0.001" /><testcase classname="src.tac.boundary_math.tests.test_power_diagram_witness" name="test_pdw2_rejects_malformed_and_every_trailing_byte[edge]" time="0.001" /><testcase classname="src.tac.boundary_math.tests.test_power_diagram_witness" name="test_pdw2_rejects_malformed_and_every_trailing_byte[negative_zero]" time="0.001" /><testcase classname="src.tac.boundary_math.tests.test_power_diagram_witness" name="test_pdw2_rejects_malformed_and_every_trailing_byte[partition_pivot]" time="0.001" /><testcase classname="src.tac.boundary_math.tests.test_power_diagram_witness" name="test_description_comparator_is_target_only_and_makes_no_score_or_k_claim" time="0.001" /></testsuite></testsuites>